0 info it worked if it ends with ok
1 verbose cli [ '/Users/apollotang/.nvm/versions/node/v4.2.4/bin/node',
1 verbose cli   '/Users/apollotang/.nvm/versions/node/v4.2.4/bin/npm',
1 verbose cli   'start' ]
2 info using npm@3.8.2
3 info using node@v4.2.4
4 verbose run-script [ 'prestart', 'start', 'poststart' ]
5 info lifecycle 01-00-names@1.0.0~prestart: 01-00-names@1.0.0
6 silly lifecycle 01-00-names@1.0.0~prestart: no script for prestart, continuing
7 info lifecycle 01-00-names@1.0.0~start: 01-00-names@1.0.0
8 verbose lifecycle 01-00-names@1.0.0~start: unsafe-perm in lifecycle true
9 verbose lifecycle 01-00-names@1.0.0~start: PATH: /Users/apollotang/.nvm/versions/node/v4.2.4/lib/node_modules/npm/bin/node-gyp-bin:/Users/apollotang/Desktop/current/survivejs-demo-wf/lessons/04-01-loading-css/node_modules/.bin:/Users/apollotang/.nvm/versions/node/v4.2.4/bin:/Library/Application Support/GoodSync:/opt/local/bin:/opt/local/sbin:/Users/apollotang/Library/Application Support/GoodSync:/opt/local/bin:/opt/local/sbin:/Users/apollotang/google-cloud-sdk/bin:/Users/apollotang/.nvm/versions/node/v4.2.4/bin:/Users/apollotang/opt/local/anaconda2/bin:/Users/apollotang/Applications/kdiff3.app/Contents/MacOS:/Users/apollotang/bin:/Users/apollotang/script/bin:/Users/apollotang/script/bin2:/opt/local/bin:/opt/local/sbin:/usr/local/bin:/usr/bin:/bin:/usr/sbin:/sbin:/opt/X11/bin:/Library/Application Support/GoodSync:/opt/local/bin:/opt/local/sbin:/Users/apollotang/Library/Application Support/GoodSync:/Users/apollotang/google-cloud-sdk/bin:/sw2/bin:/sw2/sbin:/Users/apollotang/opt/local/anaconda2/bin:/Users/apollotang/Applications/kdiff3.app/Contents/MacOS:/Users/apollotang/bin:/Users/apollotang/script/bin:/Users/apollotang/script/bin2:/Users/apollotang/opt/local/scala-2.11.2/bin:/Users/apollotang/opt/local/adt-bundle-mac-x86_64-20140702/sdk/platform-tools:/Users/apollotang/opt/devtools/autotools-bin/bin:/usr/local/Cellar/neovim-dot-app/HEAD/bin/gnvim:/Users/apollotang/opt/local/scala-2.11.2/bin:/Users/apollotang/opt/local/adt-bundle-mac-x86_64-20140702/sdk/platform-tools:/Users/apollotang/opt/devtools/autotools-bin/bin:/usr/local/Cellar/neovim-dot-app/HEAD/bin/gnvim
10 verbose lifecycle 01-00-names@1.0.0~start: CWD: /Users/apollotang/Desktop/current/survivejs-demo-wf/lessons/04-01-loading-css
11 silly lifecycle 01-00-names@1.0.0~start: Args: [ '-c', 'webpack-dev-server' ]
12 silly lifecycle 01-00-names@1.0.0~start: Returned: code: 1  signal: null
13 info lifecycle 01-00-names@1.0.0~start: Failed to exec start script
14 verbose stack Error: 01-00-names@1.0.0 start: `webpack-dev-server`
14 verbose stack Exit status 1
14 verbose stack     at EventEmitter.<anonymous> (/Users/apollotang/.nvm/versions/node/v4.2.4/lib/node_modules/npm/lib/utils/lifecycle.js:239:16)
14 verbose stack     at emitTwo (events.js:87:13)
14 verbose stack     at EventEmitter.emit (events.js:172:7)
14 verbose stack     at ChildProcess.<anonymous> (/Users/apollotang/.nvm/versions/node/v4.2.4/lib/node_modules/npm/lib/utils/spawn.js:24:14)
14 verbose stack     at emitTwo (events.js:87:13)
14 verbose stack     at ChildProcess.emit (events.js:172:7)
14 verbose stack     at maybeClose (internal/child_process.js:818:16)
14 verbose stack     at Process.ChildProcess._handle.onexit (internal/child_process.js:211:5)
15 verbose pkgid 01-00-names@1.0.0
16 verbose cwd /Users/apollotang/Desktop/current/survivejs-demo-wf/lessons/04-01-loading-css
17 error Darwin 16.0.0
18 error argv "/Users/apollotang/.nvm/versions/node/v4.2.4/bin/node" "/Users/apollotang/.nvm/versions/node/v4.2.4/bin/npm" "start"
19 error node v4.2.4
20 error npm  v3.8.2
21 error code ELIFECYCLE
22 error 01-00-names@1.0.0 start: `webpack-dev-server`
22 error Exit status 1
23 error Failed at the 01-00-names@1.0.0 start script 'webpack-dev-server'.
23 error Make sure you have the latest version of node.js and npm installed.
23 error If you do, this is most likely a problem with the 01-00-names package,
23 error not with npm itself.
23 error Tell the author that this fails on your system:
23 error     webpack-dev-server
23 error You can get information on how to open an issue for this project with:
23 error     npm bugs 01-00-names
23 error Or if that isn't available, you can get their info via:
23 error     npm owner ls 01-00-names
23 error There is likely additional logging output above.
24 verbose exit [ 1, true ]
